<?xml version="1.0" encoding="UTF-8"?>
<testsuite name="com.wonju.www.springboot.web.HelloControllerTest" tests="2" skipped="0" failures="0" errors="0" timestamp="2020-11-06T13:04:03" hostname="DESKTOP-FG8LGHT" time="0.899">
  <properties/>
  <testcase name="hello가_리턴된다" classname="com.wonju.www.springboot.web.HelloControllerTest" time="0.75"/>
  <testcase name="helloDto가_리턴된다" classname="com.wonju.www.springboot.web.HelloControllerTest" time="0.147"/>
  <system-out><![CDATA[22:03:58.688 [Test worker] DEBUG org.springframework.test.context.junit4.SpringJUnit4ClassRunner - SpringJUnit4ClassRunner constructor called with [class com.wonju.www.springboot.web.HelloControllerTest]
22:03:58.701 [Test worker] DEBUG org.springframework.test.context.BootstrapUtils - Instantiating CacheAwareContextLoaderDelegate from class [org.springframework.test.context.cache.DefaultCacheAwareContextLoaderDelegate]
22:03:58.715 [Test worker] DEBUG org.springframework.test.context.BootstrapUtils - Instantiating BootstrapContext using constructor [public org.springframework.test.context.support.DefaultBootstrapContext(java.lang.Class,org.springframework.test.context.CacheAwareContextLoaderDelegate)]
22:03:58.742 [Test worker] DEBUG org.springframework.test.context.BootstrapUtils - Instantiating TestContextBootstrapper for test class [com.wonju.www.springboot.web.HelloControllerTest] from class [org.springframework.boot.test.autoconfigure.web.servlet.WebMvcTestContextBootstrapper]
22:03:58.778 [Test worker] INFO org.springframework.boot.test.autoconfigure.web.servlet.WebMvcTestContextBootstrapper - Neither @ContextConfiguration nor @ContextHierarchy found for test class [com.wonju.www.springboot.web.HelloControllerTest], using SpringBootContextLoader
22:03:58.787 [Test worker] DEBUG org.springframework.test.context.support.AbstractContextLoader - Did not detect default resource location for test class [com.wonju.www.springboot.web.HelloControllerTest]: class path resource [com/wonju/www/springboot/web/HelloControllerTest-context.xml] does not exist
22:03:58.788 [Test worker] DEBUG org.springframework.test.context.support.AbstractContextLoader - Did not detect default resource location for test class [com.wonju.www.springboot.web.HelloControllerTest]: class path resource [com/wonju/www/springboot/web/HelloControllerTestContext.groovy] does not exist
22:03:58.789 [Test worker] INFO org.springframework.test.context.support.AbstractContextLoader - Could not detect default resource locations for test class [com.wonju.www.springboot.web.HelloControllerTest]: no resource found for suffixes {-context.xml, Context.groovy}.
22:03:58.791 [Test worker] INFO org.springframework.test.context.support.AnnotationConfigContextLoaderUtils - Could not detect default configuration classes for test class [com.wonju.www.springboot.web.HelloControllerTest]: HelloControllerTest does not declare any static, non-private, non-final, nested classes annotated with @Configuration.
22:03:58.916 [Test worker] DEBUG org.springframework.test.context.support.ActiveProfilesUtils - Could not find an 'annotation declaring class' for annotation type [org.springframework.test.context.ActiveProfiles] and class [com.wonju.www.springboot.web.HelloControllerTest]
22:03:59.053 [Test worker] DEBUG org.springframework.context.annotation.ClassPathScanningCandidateComponentProvider - Identified candidate component class: file [C:\IdeaProjects\spb_aws_book\build\classes\java\main\com\wonju\www\springboot\Application.class]
22:03:59.055 [Test worker] INFO org.springframework.boot.test.context.SpringBootTestContextBootstrapper - Found @SpringBootConfiguration com.wonju.www.springboot.Application for test class com.wonju.www.springboot.web.HelloControllerTest
22:03:59.058 [Test worker] DEBUG org.springframework.boot.test.autoconfigure.web.servlet.WebMvcTestContextBootstrapper - @TestExecutionListeners is not present for class [com.wonju.www.springboot.web.HelloControllerTest]: using defaults.
22:03:59.059 [Test worker] INFO org.springframework.boot.test.autoconfigure.web.servlet.WebMvcTestContextBootstrapper - Loaded default TestExecutionListener class names from location [META-INF/spring.factories]: [org.springframework.security.test.context.support.WithSecurityContextTestExecutionListener, org.springframework.security.test.context.support.ReactorContextTestExecutionListener, org.springframework.boot.test.autoconfigure.restdocs.RestDocsTestExecutionListener, org.springframework.boot.test.autoconfigure.web.client.MockRestServiceServerResetTestExecutionListener, org.springframework.boot.test.autoconfigure.web.servlet.MockMvcPrintOnlyOnFailureTestExecutionListener, org.springframework.boot.test.autoconfigure.web.servlet.WebDriverTestExecutionListener, org.springframework.boot.test.mock.mockito.MockitoTestExecutionListener, org.springframework.boot.test.mock.mockito.ResetMocksTestExecutionListener, org.springframework.test.context.web.ServletTestExecutionListener, org.springframework.test.context.support.DirtiesContextBeforeModesTestExecutionListener, org.springframework.test.context.support.DependencyInjectionTestExecutionListener, org.springframework.test.context.support.DirtiesContextTestExecutionListener, org.springframework.test.context.transaction.TransactionalTestExecutionListener, org.springframework.test.context.jdbc.SqlScriptsTestExecutionListener]
22:03:59.104 [Test worker] INFO org.springframework.boot.test.autoconfigure.web.servlet.WebMvcTestContextBootstrapper - Using TestExecutionListeners: [org.springframework.test.context.web.ServletTestExecutionListener@73e87948, org.springframework.test.context.support.DirtiesContextBeforeModesTestExecutionListener@639ec413, org.springframework.boot.test.mock.mockito.MockitoTestExecutionListener@65ad24d3, org.springframework.boot.test.autoconfigure.SpringBootDependencyInjectionTestExecutionListener@e76987d, org.springframework.test.context.support.DirtiesContextTestExecutionListener@3ee482c2, org.springframework.test.context.transaction.TransactionalTestExecutionListener@2bcf7751, org.springframework.test.context.jdbc.SqlScriptsTestExecutionListener@27c84547, org.springframework.security.test.context.support.WithSecurityContextTestExecutionListener@1dc794b3, org.springframework.security.test.context.support.ReactorContextTestExecutionListener@7aff75b, org.springframework.boot.test.autoconfigure.restdocs.RestDocsTestExecutionListener@578a6d00, org.springframework.boot.test.autoconfigure.web.client.MockRestServiceServerResetTestExecutionListener@328de8cb, org.springframework.boot.test.autoconfigure.web.servlet.MockMvcPrintOnlyOnFailureTestExecutionListener@13ce8025, org.springframework.boot.test.autoconfigure.web.servlet.WebDriverTestExecutionListener@6b23b828, org.springframework.boot.test.mock.mockito.ResetMocksTestExecutionListener@6f452a21]
22:03:59.109 [Test worker] DEBUG org.springframework.test.annotation.ProfileValueUtils - Retrieved @ProfileValueSourceConfiguration [null] for test class [com.wonju.www.springboot.web.HelloControllerTest]
22:03:59.110 [Test worker] DEBUG org.springframework.test.annotation.ProfileValueUtils - Retrieved ProfileValueSource type [class org.springframework.test.annotation.SystemProfileValueSource] for class [com.wonju.www.springboot.web.HelloControllerTest]
22:03:59.111 [Test worker] DEBUG org.springframework.test.annotation.ProfileValueUtils - Retrieved @ProfileValueSourceConfiguration [null] for test class [com.wonju.www.springboot.web.HelloControllerTest]
22:03:59.111 [Test worker] DEBUG org.springframework.test.annotation.ProfileValueUtils - Retrieved ProfileValueSource type [class org.springframework.test.annotation.SystemProfileValueSource] for class [com.wonju.www.springboot.web.HelloControllerTest]
22:03:59.120 [Test worker] DEBUG org.springframework.test.context.support.AbstractDirtiesContextTestExecutionListener - Before test class: context [DefaultTestContext@6cd0b684 testClass = HelloControllerTest, testInstance = [null], testMethod = [null], testException = [null], mergedContextConfiguration = [WebMergedContextConfiguration@33b262e0 testClass = HelloControllerTest, locations = '{}', classes = '{class com.wonju.www.springboot.Application}', contextInitializerClasses = '[]', activeProfiles = '{}', propertySourceLocations = '{}', propertySourceProperties = '{org.springframework.boot.test.autoconfigure.web.servlet.WebMvcTestContextBootstrapper=true}', contextCustomizers = set[org.springframework.boot.test.autoconfigure.OverrideAutoConfigurationContextCustomizerFactory$DisableAutoConfigurationContextCustomizer@6877d4ea, org.springframework.boot.test.autoconfigure.filter.TypeExcludeFiltersContextCustomizer@6ac6710a, org.springframework.boot.test.autoconfigure.properties.PropertyMappingContextCustomizer@d6f2ad61, org.springframework.boot.test.autoconfigure.web.servlet.WebDriverContextCustomizerFactory$Customizer@46d5c97a, [ImportsContextCustomizer@47537314 key = [org.springframework.boot.autoconfigure.cache.CacheAutoConfiguration, org.springframework.boot.autoconfigure.context.MessageSourceAutoConfiguration, org.springframework.boot.autoconfigure.data.web.SpringDataWebAutoConfiguration, org.springframework.boot.autoconfigure.freemarker.FreeMarkerAutoConfiguration, org.springframework.boot.autoconfigure.groovy.template.GroovyTemplateAutoConfiguration, org.springframework.boot.autoconfigure.gson.GsonAutoConfiguration, org.springframework.boot.autoconfigure.hateoas.HypermediaAutoConfiguration, org.springframework.boot.autoconfigure.http.HttpMessageConvertersAutoConfiguration, org.springframework.boot.autoconfigure.jackson.JacksonAutoConfiguration, org.springframework.boot.autoconfigure.jsonb.JsonbAutoConfiguration, org.springframework.boot.autoconfigure.mustache.MustacheAutoConfiguration, org.springframework.boot.autoconfigure.task.TaskExecutionAutoConfiguration, org.springframework.boot.autoconfigure.thymeleaf.ThymeleafAutoConfiguration, org.springframework.boot.autoconfigure.validation.ValidationAutoConfiguration, org.springframework.boot.autoconfigure.web.servlet.error.ErrorMvcAutoConfiguration, org.springframework.boot.autoconfigure.web.servlet.WebMvcAutoConfiguration, org.springframework.boot.test.autoconfigure.web.servlet.MockMvcAutoConfiguration, org.springframework.boot.test.autoconfigure.web.servlet.MockMvcSecurityAutoConfiguration, org.springframework.boot.test.autoconfigure.web.servlet.MockMvcWebClientAutoConfiguration, org.springframework.boot.test.autoconfigure.web.servlet.MockMvcWebDriverAutoConfiguration]], org.springframework.boot.test.context.filter.ExcludeFilterContextCustomizer@2b2c9f4f, org.springframework.boot.test.json.DuplicateJsonObjectContextCustomizerFactory$DuplicateJsonObjectContextCustomizer@5ef330dc, org.springframework.boot.test.mock.mockito.MockitoContextCustomizer@0], resourceBasePath = 'src/main/webapp', contextLoader = 'org.springframework.boot.test.context.SpringBootContextLoader', parent = [null]], attributes = map[[empty]]], class annotated with @DirtiesContext [false] with mode [null].
22:03:59.122 [Test worker] DEBUG org.springframework.test.annotation.ProfileValueUtils - Retrieved @ProfileValueSourceConfiguration [null] for test class [com.wonju.www.springboot.web.HelloControllerTest]
22:03:59.123 [Test worker] DEBUG org.springframework.test.annotation.ProfileValueUtils - Retrieved ProfileValueSource type [class org.springframework.test.annotation.SystemProfileValueSource] for class [com.wonju.www.springboot.web.HelloControllerTest]
22:03:59.132 [Test worker] DEBUG org.springframework.test.context.support.DependencyInjectionTestExecutionListener - Performing dependency injection for test context [[DefaultTestContext@6cd0b684 testClass = HelloControllerTest, testInstance = com.wonju.www.springboot.web.HelloControllerTest@1f0f19c6, testMethod = [null], testException = [null], mergedContextConfiguration = [WebMergedContextConfiguration@33b262e0 testClass = HelloControllerTest, locations = '{}', classes = '{class com.wonju.www.springboot.Application}', contextInitializerClasses = '[]', activeProfiles = '{}', propertySourceLocations = '{}', propertySourceProperties = '{org.springframework.boot.test.autoconfigure.web.servlet.WebMvcTestContextBootstrapper=true}', contextCustomizers = set[org.springframework.boot.test.autoconfigure.OverrideAutoConfigurationContextCustomizerFactory$DisableAutoConfigurationContextCustomizer@6877d4ea, org.springframework.boot.test.autoconfigure.filter.TypeExcludeFiltersContextCustomizer@6ac6710a, org.springframework.boot.test.autoconfigure.properties.PropertyMappingContextCustomizer@d6f2ad61, org.springframework.boot.test.autoconfigure.web.servlet.WebDriverContextCustomizerFactory$Customizer@46d5c97a, [ImportsContextCustomizer@47537314 key = [org.springframework.boot.autoconfigure.cache.CacheAutoConfiguration, org.springframework.boot.autoconfigure.context.MessageSourceAutoConfiguration, org.springframework.boot.autoconfigure.data.web.SpringDataWebAutoConfiguration, org.springframework.boot.autoconfigure.freemarker.FreeMarkerAutoConfiguration, org.springframework.boot.autoconfigure.groovy.template.GroovyTemplateAutoConfiguration, org.springframework.boot.autoconfigure.gson.GsonAutoConfiguration, org.springframework.boot.autoconfigure.hateoas.HypermediaAutoConfiguration, org.springframework.boot.autoconfigure.http.HttpMessageConvertersAutoConfiguration, org.springframework.boot.autoconfigure.jackson.JacksonAutoConfiguration, org.springframework.boot.autoconfigure.jsonb.JsonbAutoConfiguration, org.springframework.boot.autoconfigure.mustache.MustacheAutoConfiguration, org.springframework.boot.autoconfigure.task.TaskExecutionAutoConfiguration, org.springframework.boot.autoconfigure.thymeleaf.ThymeleafAutoConfiguration, org.springframework.boot.autoconfigure.validation.ValidationAutoConfiguration, org.springframework.boot.autoconfigure.web.servlet.error.ErrorMvcAutoConfiguration, org.springframework.boot.autoconfigure.web.servlet.WebMvcAutoConfiguration, org.springframework.boot.test.autoconfigure.web.servlet.MockMvcAutoConfiguration, org.springframework.boot.test.autoconfigure.web.servlet.MockMvcSecurityAutoConfiguration, org.springframework.boot.test.autoconfigure.web.servlet.MockMvcWebClientAutoConfiguration, org.springframework.boot.test.autoconfigure.web.servlet.MockMvcWebDriverAutoConfiguration]], org.springframework.boot.test.context.filter.ExcludeFilterContextCustomizer@2b2c9f4f, org.springframework.boot.test.json.DuplicateJsonObjectContextCustomizerFactory$DuplicateJsonObjectContextCustomizer@5ef330dc, org.springframework.boot.test.mock.mockito.MockitoContextCustomizer@0], resourceBasePath = 'src/main/webapp', contextLoader = 'org.springframework.boot.test.context.SpringBootContextLoader', parent = [null]], attributes = map[[empty]]]].
22:03:59.351 [Test worker] DEBUG org.springframework.test.context.support.TestPropertySourceUtils - Adding inlined properties to environment: {spring.jmx.enabled=false, org.springframework.boot.test.autoconfigure.web.servlet.WebMvcTestContextBootstrapper=true, server.port=-1}

  .   ____          _            __ _ _
 /\\ / ___'_ __ _ _(_)_ __  __ _ \ \ \ \
( ( )\___ | '_ | '_| | '_ \/ _` | \ \ \ \
 \\/  ___)| |_)| | | | | || (_| |  ) ) ) )
  '  |____| .__|_| |_|_| |_\__, | / / / /
 =========|_|==============|___/=/_/_/_/
 :: Spring Boot ::        (v2.1.7.RELEASE)

2020-11-06 22:03:59.911  INFO 18944 --- [    Test worker] c.w.w.s.web.HelloControllerTest          : Starting HelloControllerTest on DESKTOP-FG8LGHT with PID 18944 (started by triplej in C:\IdeaProjects\spb_aws_book)
2020-11-06 22:03:59.917  INFO 18944 --- [    Test worker] c.w.w.s.web.HelloControllerTest          : No active profile set, falling back to default profiles: default
2020-11-06 22:04:02.456  INFO 18944 --- [    Test worker] o.s.s.concurrent.ThreadPoolTaskExecutor  : Initializing ExecutorService 'applicationTaskExecutor'
2020-11-06 22:04:02.640  INFO 18944 --- [    Test worker] o.s.b.a.w.s.WelcomePageHandlerMapping    : Adding welcome page template: index
2020-11-06 22:04:03.216  INFO 18944 --- [    Test worker] .s.s.UserDetailsServiceAutoConfiguration : 

Using generated security password: 77616bbd-24ab-481b-9038-7e2424a04a8d

2020-11-06 22:04:03.685  INFO 18944 --- [    Test worker] o.s.s.web.DefaultSecurityFilterChain     : Creating filter chain: any request, [org.springframework.security.web.context.request.async.WebAsyncManagerIntegrationFilter@4cf17cb2, org.springframework.security.web.context.SecurityContextPersistenceFilter@23af5aee, org.springframework.security.web.header.HeaderWriterFilter@6eecc2d7, org.springframework.security.web.csrf.CsrfFilter@735aad6f, org.springframework.security.web.authentication.logout.LogoutFilter@71a8207, org.springframework.security.web.authentication.UsernamePasswordAuthenticationFilter@40af2e6c, org.springframework.security.web.authentication.ui.DefaultLoginPageGeneratingFilter@70b9a6b5, org.springframework.security.web.authentication.ui.DefaultLogoutPageGeneratingFilter@3e8de63f, org.springframework.security.web.authentication.www.BasicAuthenticationFilter@9119950, org.springframework.security.web.savedrequest.RequestCacheAwareFilter@5a451ac4, org.springframework.security.web.servletapi.SecurityContextHolderAwareRequestFilter@f5d2329, org.springframework.security.web.authentication.AnonymousAuthenticationFilter@3fafb9ee, org.springframework.security.web.session.SessionManagementFilter@7a77c99e, org.springframework.security.web.access.ExceptionTranslationFilter@945b1af, org.springframework.security.web.access.intercept.FilterSecurityInterceptor@1e73c6ea]
2020-11-06 22:04:03.782  INFO 18944 --- [    Test worker] o.s.b.t.m.w.SpringBootMockServletContext : Initializing Spring TestDispatcherServlet ''
2020-11-06 22:04:03.783  INFO 18944 --- [    Test worker] o.s.t.web.servlet.TestDispatcherServlet  : Initializing Servlet ''
2020-11-06 22:04:03.807  INFO 18944 --- [    Test worker] o.s.t.web.servlet.TestDispatcherServlet  : Completed initialization in 24 ms
2020-11-06 22:04:03.893  INFO 18944 --- [    Test worker] c.w.w.s.web.HelloControllerTest          : Started HelloControllerTest in 4.527 seconds (JVM running for 8.177)
]]></system-out>
  <system-err><![CDATA[]]></system-err>
</testsuite>
