<?xml version="1.0" encoding="UTF-8"?>
<testsuite name="com.wonju.www.springboot.web.PostsApiControllerTest" tests="2" skipped="0" failures="0" errors="0" timestamp="2020-11-06T13:04:16" hostname="DESKTOP-FG8LGHT" time="0.179">
  <properties/>
  <testcase name="Posts_등록된다" classname="com.wonju.www.springboot.web.PostsApiControllerTest" time="0.122"/>
  <testcase name="Posts_수정된다" classname="com.wonju.www.springboot.web.PostsApiControllerTest" time="0.055"/>
  <system-out><![CDATA[2020-11-06 22:04:16.768  INFO 18944 --- [    Test worker] .b.t.c.SpringBootTestContextBootstrapper : Neither @ContextConfiguration nor @ContextHierarchy found for test class [com.wonju.www.springboot.web.PostsApiControllerTest], using SpringBootContextLoader
2020-11-06 22:04:16.771  INFO 18944 --- [    Test worker] o.s.t.c.support.AbstractContextLoader    : Could not detect default resource locations for test class [com.wonju.www.springboot.web.PostsApiControllerTest]: no resource found for suffixes {-context.xml, Context.groovy}.
2020-11-06 22:04:16.771  INFO 18944 --- [    Test worker] t.c.s.AnnotationConfigContextLoaderUtils : Could not detect default configuration classes for test class [com.wonju.www.springboot.web.PostsApiControllerTest]: PostsApiControllerTest does not declare any static, non-private, non-final, nested classes annotated with @Configuration.
2020-11-06 22:04:16.775  INFO 18944 --- [    Test worker] .b.t.c.SpringBootTestContextBootstrapper : Found @SpringBootConfiguration com.wonju.www.springboot.Application for test class com.wonju.www.springboot.web.PostsApiControllerTest
2020-11-06 22:04:16.778  INFO 18944 --- [    Test worker] .b.t.c.SpringBootTestContextBootstrapper : Loaded default TestExecutionListener class names from location [META-INF/spring.factories]: [org.springframework.security.test.context.support.WithSecurityContextTestExecutionListener, org.springframework.security.test.context.support.ReactorContextTestExecutionListener, org.springframework.boot.test.autoconfigure.restdocs.RestDocsTestExecutionListener, org.springframework.boot.test.autoconfigure.web.client.MockRestServiceServerResetTestExecutionListener, org.springframework.boot.test.autoconfigure.web.servlet.MockMvcPrintOnlyOnFailureTestExecutionListener, org.springframework.boot.test.autoconfigure.web.servlet.WebDriverTestExecutionListener, org.springframework.boot.test.mock.mockito.MockitoTestExecutionListener, org.springframework.boot.test.mock.mockito.ResetMocksTestExecutionListener, org.springframework.test.context.web.ServletTestExecutionListener, org.springframework.test.context.support.DirtiesContextBeforeModesTestExecutionListener, org.springframework.test.context.support.DependencyInjectionTestExecutionListener, org.springframework.test.context.support.DirtiesContextTestExecutionListener, org.springframework.test.context.transaction.TransactionalTestExecutionListener, org.springframework.test.context.jdbc.SqlScriptsTestExecutionListener]
2020-11-06 22:04:16.780  INFO 18944 --- [    Test worker] .b.t.c.SpringBootTestContextBootstrapper : Using TestExecutionListeners: [org.springframework.test.context.web.ServletTestExecutionListener@4f6f249e, org.springframework.test.context.support.DirtiesContextBeforeModesTestExecutionListener@1ac9a81, org.springframework.boot.test.mock.mockito.MockitoTestExecutionListener@6baf5639, org.springframework.boot.test.autoconfigure.SpringBootDependencyInjectionTestExecutionListener@59339e6e, org.springframework.test.context.support.DirtiesContextTestExecutionListener@6f4e1a02, org.springframework.test.context.transaction.TransactionalTestExecutionListener@ad3edf8, org.springframework.test.context.jdbc.SqlScriptsTestExecutionListener@1b5c6c05, org.springframework.security.test.context.support.WithSecurityContextTestExecutionListener@5ed951ee, org.springframework.security.test.context.support.ReactorContextTestExecutionListener@41d8de3d, org.springframework.boot.test.autoconfigure.restdocs.RestDocsTestExecutionListener@54f147d3, org.springframework.boot.test.autoconfigure.web.client.MockRestServiceServerResetTestExecutionListener@2cb5250c, org.springframework.boot.test.autoconfigure.web.servlet.MockMvcPrintOnlyOnFailureTestExecutionListener@38f74755, org.springframework.boot.test.autoconfigure.web.servlet.WebDriverTestExecutionListener@3f594f40, org.springframework.boot.test.mock.mockito.ResetMocksTestExecutionListener@61c858a7]
2020-11-06 22:04:16.797  INFO 18944 --- [    Test worker] o.a.c.c.C.[Tomcat].[localhost].[/]       : Initializing Spring TestDispatcherServlet ''
2020-11-06 22:04:16.797  INFO 18944 --- [    Test worker] o.s.t.web.servlet.TestDispatcherServlet  : Initializing Servlet ''
2020-11-06 22:04:16.802  INFO 18944 --- [    Test worker] o.s.t.web.servlet.TestDispatcherServlet  : Completed initialization in 4 ms
Hibernate: insert into posts (created_date, modified_date, author, content, title) values (?, ?, ?, ?, ?)
Hibernate: select posts0_.id as id1_0_, posts0_.created_date as created_2_0_, posts0_.modified_date as modified3_0_, posts0_.author as author4_0_, posts0_.content as content5_0_, posts0_.title as title6_0_ from posts posts0_
Hibernate: select posts0_.id as id1_0_, posts0_.created_date as created_2_0_, posts0_.modified_date as modified3_0_, posts0_.author as author4_0_, posts0_.content as content5_0_, posts0_.title as title6_0_ from posts posts0_
Hibernate: delete from posts where id=?
2020-11-06 22:04:16.916  INFO 18944 --- [    Test worker] o.a.c.c.C.[Tomcat].[localhost].[/]       : Initializing Spring TestDispatcherServlet ''
2020-11-06 22:04:16.916  INFO 18944 --- [    Test worker] o.s.t.web.servlet.TestDispatcherServlet  : Initializing Servlet ''
2020-11-06 22:04:16.922  INFO 18944 --- [    Test worker] o.s.t.web.servlet.TestDispatcherServlet  : Completed initialization in 6 ms
Hibernate: insert into posts (created_date, modified_date, author, content, title) values (?, ?, ?, ?, ?)
Hibernate: select posts0_.id as id1_0_0_, posts0_.created_date as created_2_0_0_, posts0_.modified_date as modified3_0_0_, posts0_.author as author4_0_0_, posts0_.content as content5_0_0_, posts0_.title as title6_0_0_ from posts posts0_ where posts0_.id=?
Hibernate: update posts set created_date=?, modified_date=?, author=?, content=?, title=? where id=?
Hibernate: select posts0_.id as id1_0_, posts0_.created_date as created_2_0_, posts0_.modified_date as modified3_0_, posts0_.author as author4_0_, posts0_.content as content5_0_, posts0_.title as title6_0_ from posts posts0_
Hibernate: select posts0_.id as id1_0_, posts0_.created_date as created_2_0_, posts0_.modified_date as modified3_0_, posts0_.author as author4_0_, posts0_.content as content5_0_, posts0_.title as title6_0_ from posts posts0_
Hibernate: delete from posts where id=?
]]></system-out>
  <system-err><![CDATA[]]></system-err>
</testsuite>
