<?xml version="1.0" encoding="UTF-8"?>
<testsuite name="com.wonju.www.springboot.domain.posts.PostsRepositoryTest" tests="1" skipped="0" failures="0" errors="0" timestamp="2020-11-06T13:04:12" hostname="DESKTOP-FG8LGHT" time="0.354">
  <properties/>
  <testcase name="게시글저장_불러오기" classname="com.wonju.www.springboot.domain.posts.PostsRepositoryTest" time="0.354"/>
  <system-out><![CDATA[2020-11-06 22:04:04.819  INFO 18944 --- [    Test worker] .b.t.c.SpringBootTestContextBootstrapper : Neither @ContextConfiguration nor @ContextHierarchy found for test class [com.wonju.www.springboot.domain.posts.PostsRepositoryTest], using SpringBootContextLoader
2020-11-06 22:04:04.826  INFO 18944 --- [    Test worker] o.s.t.c.support.AbstractContextLoader    : Could not detect default resource locations for test class [com.wonju.www.springboot.domain.posts.PostsRepositoryTest]: no resource found for suffixes {-context.xml, Context.groovy}.
2020-11-06 22:04:04.826  INFO 18944 --- [    Test worker] t.c.s.AnnotationConfigContextLoaderUtils : Could not detect default configuration classes for test class [com.wonju.www.springboot.domain.posts.PostsRepositoryTest]: PostsRepositoryTest does not declare any static, non-private, non-final, nested classes annotated with @Configuration.
2020-11-06 22:04:04.856  INFO 18944 --- [    Test worker] .b.t.c.SpringBootTestContextBootstrapper : Found @SpringBootConfiguration com.wonju.www.springboot.Application for test class com.wonju.www.springboot.domain.posts.PostsRepositoryTest
2020-11-06 22:04:04.859  INFO 18944 --- [    Test worker] .b.t.c.SpringBootTestContextBootstrapper : Loaded default TestExecutionListener class names from location [META-INF/spring.factories]: [org.springframework.security.test.context.support.WithSecurityContextTestExecutionListener, org.springframework.security.test.context.support.ReactorContextTestExecutionListener, org.springframework.boot.test.autoconfigure.restdocs.RestDocsTestExecutionListener, org.springframework.boot.test.autoconfigure.web.client.MockRestServiceServerResetTestExecutionListener, org.springframework.boot.test.autoconfigure.web.servlet.MockMvcPrintOnlyOnFailureTestExecutionListener, org.springframework.boot.test.autoconfigure.web.servlet.WebDriverTestExecutionListener, org.springframework.boot.test.mock.mockito.MockitoTestExecutionListener, org.springframework.boot.test.mock.mockito.ResetMocksTestExecutionListener, org.springframework.test.context.web.ServletTestExecutionListener, org.springframework.test.context.support.DirtiesContextBeforeModesTestExecutionListener, org.springframework.test.context.support.DependencyInjectionTestExecutionListener, org.springframework.test.context.support.DirtiesContextTestExecutionListener, org.springframework.test.context.transaction.TransactionalTestExecutionListener, org.springframework.test.context.jdbc.SqlScriptsTestExecutionListener]
2020-11-06 22:04:04.861  INFO 18944 --- [    Test worker] .b.t.c.SpringBootTestContextBootstrapper : Using TestExecutionListeners: [org.springframework.test.context.web.ServletTestExecutionListener@23439f22, org.springframework.test.context.support.DirtiesContextBeforeModesTestExecutionListener@42f91515, org.springframework.boot.test.mock.mockito.MockitoTestExecutionListener@318e3c55, org.springframework.boot.test.autoconfigure.SpringBootDependencyInjectionTestExecutionListener@69e3f71b, org.springframework.test.context.support.DirtiesContextTestExecutionListener@5666cf8a, org.springframework.test.context.transaction.TransactionalTestExecutionListener@5c3d29ee, org.springframework.test.context.jdbc.SqlScriptsTestExecutionListener@1c91daa8, org.springframework.security.test.context.support.WithSecurityContextTestExecutionListener@6abcbd0e, org.springframework.security.test.context.support.ReactorContextTestExecutionListener@ac6254c, org.springframework.boot.test.autoconfigure.restdocs.RestDocsTestExecutionListener@3f011fa3, org.springframework.boot.test.autoconfigure.web.client.MockRestServiceServerResetTestExecutionListener@2d57c671, org.springframework.boot.test.autoconfigure.web.servlet.MockMvcPrintOnlyOnFailureTestExecutionListener@220c5a18, org.springframework.boot.test.autoconfigure.web.servlet.WebDriverTestExecutionListener@195bf750, org.springframework.boot.test.mock.mockito.ResetMocksTestExecutionListener@2e901fdf]

  .   ____          _            __ _ _
 /\\ / ___'_ __ _ _(_)_ __  __ _ \ \ \ \
( ( )\___ | '_ | '_| | '_ \/ _` | \ \ \ \
 \\/  ___)| |_)| | | | | || (_| |  ) ) ) )
  '  |____| .__|_| |_|_| |_\__, | / / / /
 =========|_|==============|___/=/_/_/_/
 :: Spring Boot ::        (v2.1.7.RELEASE)

2020-11-06 22:04:04.920  INFO 18944 --- [    Test worker] c.w.w.s.d.posts.PostsRepositoryTest      : Starting PostsRepositoryTest on DESKTOP-FG8LGHT with PID 18944 (started by triplej in C:\IdeaProjects\spb_aws_book)
2020-11-06 22:04:04.921  INFO 18944 --- [    Test worker] c.w.w.s.d.posts.PostsRepositoryTest      : No active profile set, falling back to default profiles: default
2020-11-06 22:04:05.669  INFO 18944 --- [    Test worker] .s.d.r.c.RepositoryConfigurationDelegate : Bootstrapping Spring Data repositories in DEFAULT mode.
2020-11-06 22:04:05.814  INFO 18944 --- [    Test worker] .s.d.r.c.RepositoryConfigurationDelegate : Finished Spring Data repository scanning in 126ms. Found 2 repository interfaces.
2020-11-06 22:04:06.312  INFO 18944 --- [    Test worker] trationDelegate$BeanPostProcessorChecker : Bean 'org.springframework.transaction.annotation.ProxyTransactionManagementConfiguration' of type [org.springframework.transaction.annotation.ProxyTransactionManagementConfiguration$$EnhancerBySpringCGLIB$$bedeb78b] is not eligible for getting processed by all BeanPostProcessors (for example: not eligible for auto-proxying)
2020-11-06 22:04:06.597  INFO 18944 --- [    Test worker] com.zaxxer.hikari.HikariDataSource       : HikariPool-1 - Starting...
2020-11-06 22:04:06.932  INFO 18944 --- [    Test worker] com.zaxxer.hikari.HikariDataSource       : HikariPool-1 - Start completed.
2020-11-06 22:04:07.118  INFO 18944 --- [    Test worker] o.hibernate.jpa.internal.util.LogHelper  : HHH000204: Processing PersistenceUnitInfo [
	name: default
	...]
2020-11-06 22:04:07.292  INFO 18944 --- [    Test worker] org.hibernate.Version                    : HHH000412: Hibernate Core {5.3.10.Final}
2020-11-06 22:04:07.297  INFO 18944 --- [    Test worker] org.hibernate.cfg.Environment            : HHH000206: hibernate.properties not found
2020-11-06 22:04:07.472  INFO 18944 --- [    Test worker] o.hibernate.annotations.common.Version   : HCANN000001: Hibernate Commons Annotations {5.0.4.Final}
2020-11-06 22:04:07.855  INFO 18944 --- [    Test worker] org.hibernate.dialect.Dialect            : HHH000400: Using dialect: org.hibernate.dialect.MySQL5InnoDBDialect
Hibernate: drop table if exists posts
Hibernate: drop table if exists user
Hibernate: create table posts (id bigint not null auto_increment, created_date datetime, modified_date datetime, author varchar(255), content TEXT not null, title varchar(500) not null, primary key (id)) engine=InnoDB
Hibernate: create table user (id bigint not null auto_increment, created_date datetime, modified_date datetime, email varchar(255) not null, name varchar(255) not null, picture varchar(255), role varchar(255) not null, primary key (id)) engine=InnoDB
2020-11-06 22:04:08.987  INFO 18944 --- [    Test worker] o.h.t.schema.internal.SchemaCreatorImpl  : HHH000476: Executing import script 'org.hibernate.tool.schema.internal.exec.ScriptSourceInputNonExistentImpl@61d1e4c7'
2020-11-06 22:04:08.992  INFO 18944 --- [    Test worker] j.LocalContainerEntityManagerFactoryBean : Initialized JPA EntityManagerFactory for persistence unit 'default'
2020-11-06 22:04:09.917  INFO 18944 --- [    Test worker] o.h.h.i.QueryTranslatorFactoryInitiator  : HHH000397: Using ASTQueryTranslatorFactory
2020-11-06 22:04:10.530  INFO 18944 --- [    Test worker] o.s.s.web.DefaultSecurityFilterChain     : Creating filter chain: any request, [org.springframework.security.web.context.request.async.WebAsyncManagerIntegrationFilter@16c02632, org.springframework.security.web.context.SecurityContextPersistenceFilter@67b23a2c, org.springframework.security.web.header.HeaderWriterFilter@262b20a3, org.springframework.security.web.authentication.logout.LogoutFilter@52cdfaac, org.springframework.security.oauth2.client.web.OAuth2AuthorizationRequestRedirectFilter@36f6929e, org.springframework.security.oauth2.client.web.OAuth2LoginAuthenticationFilter@6b450930, org.springframework.security.web.authentication.ui.DefaultLoginPageGeneratingFilter@2458d751, org.springframework.security.web.authentication.ui.DefaultLogoutPageGeneratingFilter@6937bc53, org.springframework.security.web.savedrequest.RequestCacheAwareFilter@762bcd7, org.springframework.security.web.servletapi.SecurityContextHolderAwareRequestFilter@7833aaa0, org.springframework.security.web.authentication.AnonymousAuthenticationFilter@7bffe67a, org.springframework.security.web.session.SessionManagementFilter@2e1e5532, org.springframework.security.web.access.ExceptionTranslationFilter@6ca18237, org.springframework.security.web.access.intercept.FilterSecurityInterceptor@5e532606]
2020-11-06 22:04:11.258  INFO 18944 --- [    Test worker] o.s.s.concurrent.ThreadPoolTaskExecutor  : Initializing ExecutorService 'applicationTaskExecutor'
2020-11-06 22:04:11.283  WARN 18944 --- [    Test worker] aWebConfiguration$JpaWebMvcConfiguration : spring.jpa.open-in-view is enabled by default. Therefore, database queries may be performed during view rendering. Explicitly configure spring.jpa.open-in-view to disable this warning
2020-11-06 22:04:11.341  INFO 18944 --- [    Test worker] o.s.b.a.w.s.WelcomePageHandlerMapping    : Adding welcome page template: index
2020-11-06 22:04:12.172  INFO 18944 --- [    Test worker] s.a.ScheduledAnnotationBeanPostProcessor : No TaskScheduler/ScheduledExecutorService bean found for scheduled processing
2020-11-06 22:04:12.186  INFO 18944 --- [    Test worker] c.w.w.s.d.posts.PostsRepositoryTest      : Started PostsRepositoryTest in 7.322 seconds (JVM running for 16.47)
Hibernate: insert into posts (created_date, modified_date, author, content, title) values (?, ?, ?, ?, ?)
Hibernate: select posts0_.id as id1_0_, posts0_.created_date as created_2_0_, posts0_.modified_date as modified3_0_, posts0_.author as author4_0_, posts0_.content as content5_0_, posts0_.title as title6_0_ from posts posts0_
Hibernate: select posts0_.id as id1_0_, posts0_.created_date as created_2_0_, posts0_.modified_date as modified3_0_, posts0_.author as author4_0_, posts0_.content as content5_0_, posts0_.title as title6_0_ from posts posts0_
Hibernate: delete from posts where id=?
]]></system-out>
  <system-err><![CDATA[]]></system-err>
</testsuite>
